{"numTotalTestSuites":6,"numPassedTestSuites":4,"numFailedTestSuites":2,"numPendingTestSuites":0,"numTotalTests":53,"numPassedTests":52,"numFailedTests":1,"numPendingTests":0,"numTodoTests":0,"snapshot":{"added":0,"failure":false,"filesAdded":0,"filesRemoved":0,"filesRemovedList":[],"filesUnmatched":0,"filesUpdated":0,"matched":0,"total":0,"unchecked":0,"uncheckedKeysByFile":[],"unmatched":0,"updated":0,"didUpdate":false},"startTime":1789495587580,"success":false,"testResults":[{"assertionResults":[{"ancestorTitles":["COMBINED_QUERY resource types"],"fullName":"COMBINED_QUERY resource types includes the VMSS category-2 resource types","status":"passed","title":"includes the VMSS category-2 resource types","duration":1.6725000000001273,"failureMessages":[],"meta":{}},{"ancestorTitles":["COMBINED_QUERY resource types"],"fullName":"COMBINED_QUERY resource types includes the AVD category-3 resource types","status":"passed","title":"includes the AVD category-3 resource types","duration":0.4660999999998694,"failureMessages":[],"meta":{}},{"ancestorTitles":["COMBINED_QUERY resource types"],"fullName":"COMBINED_QUERY resource types includes the disk category-4 image resource types","status":"passed","title":"includes the disk category-4 image resource types","duration":0.3430000000000746,"failureMessages":[],"meta":{}},{"ancestorTitles":["runScan"],"fullName":"runScan persists resources and waste findings, and marks the scan SUCCEEDED","status":"passed","title":"persists resources and waste findings, and marks the scan SUCCEEDED","duration":126.44839999999999,"failureMessages":[],"meta":{}},{"ancestorTitles":["runScan"],"fullName":"runScan calls estimateMonthlyCost once per candidate with the subscription and resource ids","status":"passed","title":"calls estimateMonthlyCost once per candidate with the subscription and resource ids","duration":46.297399999999925,"failureMessages":[],"meta":{}},{"ancestorTitles":["runScan"],"fullName":"runScan marks the scan FAILED when Resource Graph throws","status":"passed","title":"marks the scan FAILED when Resource Graph throws","duration":38.79160000000002,"failureMessages":[],"meta":{}},{"ancestorTitles":["runScan"],"fullName":"runScan does not fail the whole scan when cost estimation throws for one candidate, and persists that finding with cost 0","status":"passed","title":"does not fail the whole scan when cost estimation throws for one candidate, and persists that finding with cost 0","duration":56.28760000000011,"failureMessages":[],"meta":{}},{"ancestorTitles":["runScan"],"fullName":"runScan falls back to a retail price estimate when Cost Management returns no data","status":"passed","title":"falls back to a retail price estimate when Cost Management returns no data","duration":44.146999999999935,"failureMessages":[],"meta":{}},{"ancestorTitles":["runScan"],"fullName":"runScan updates an existing waste finding in place on a re-scan instead of duplicating it","status":"passed","title":"updates an existing waste finding in place on a re-scan instead of duplicating it","duration":62.174800000000005,"failureMessages":[],"meta":{}},{"ancestorTitles":["runScan"],"fullName":"runScan does not re-open a finding that was dismissed, on a later re-scan that re-detects the same resource","status":"passed","title":"does not re-open a finding that was dismissed, on a later re-scan that re-detects the same resource","duration":78.55110000000013,"failureMessages":[],"meta":{}},{"ancestorTitles":["runScan"],"fullName":"runScan closes an OPEN finding whose resource/rule no longer appears in a later scan, marking it RESOLVED with resolvedAt set","status":"passed","title":"closes an OPEN finding whose resource/rule no longer appears in a later scan, marking it RESOLVED with resolvedAt set","duration":77.57629999999995,"failureMessages":[],"meta":{}},{"ancestorTitles":["runScan"],"fullName":"runScan leaves an OPEN finding untouched when the rule that would have judged it degraded this scan","status":"passed","title":"leaves an OPEN finding untouched when the rule that would have judged it degraded this scan","duration":74.06919999999991,"failureMessages":[],"meta":{}},{"ancestorTitles":["runScan"],"fullName":"runScan resolves nothing when Resource Graph returns no resources at all (lost visibility, not a cleanup)","status":"passed","title":"resolves nothing when Resource Graph returns no resources at all (lost visibility, not a cleanup)","duration":124.69960000000015,"failureMessages":[],"meta":{}},{"ancestorTitles":["runScan"],"fullName":"runScan does not touch a DISMISSED finding when its resource/rule no longer appears in a later scan","status":"passed","title":"does not touch a DISMISSED finding when its resource/rule no longer appears in a later scan","duration":58.86220000000003,"failureMessages":[],"meta":{}},{"ancestorTitles":["runScan"],"fullName":"runScan persists an IDLE_VM finding for an idle VM returned by Resource Graph","status":"passed","title":"persists an IDLE_VM finding for an idle VM returned by Resource Graph","duration":46.6878999999999,"failureMessages":[],"meta":{}},{"ancestorTitles":["runScan"],"fullName":"runScan does not fail the whole scan when the idle VM rule throws, and still persists other rules' findings","status":"passed","title":"does not fail the whole scan when the idle VM rule throws, and still persists other rules' findings","duration":61.36959999999999,"failureMessages":[],"meta":{}},{"ancestorTitles":["runScan"],"fullName":"runScan persists a CostSnapshot with the captured subscription-level cost data","status":"passed","title":"persists a CostSnapshot with the captured subscription-level cost data","duration":38.25480000000016,"failureMessages":[],"meta":{}},{"ancestorTitles":["runScan"],"fullName":"runScan still succeeds, persists findings, and captures a partial CostSnapshot when one of three cost-fetch calls fails","status":"passed","title":"still succeeds, persists findings, and captures a partial CostSnapshot when one of three cost-fetch calls fails","duration":49.92639999999983,"failureMessages":[],"meta":{}},{"ancestorTitles":["runScan"],"fullName":"runScan still creates a CostSnapshot row (with defaults) when all three cost-fetch calls fail, since prisma.costSnapshot.create itself does not throw","status":"passed","title":"still creates a CostSnapshot row (with defaults) when all three cost-fetch calls fail, since prisma.costSnapshot.create itself does not throw","duration":53.55040000000008,"failureMessages":[],"meta":{}},{"ancestorTitles":["runScan"],"fullName":"runScan persists a VM_MISSING_HYBRID_BENEFIT finding with POTENTIAL_SAVING classification and a computed savings delta","status":"passed","title":"persists a VM_MISSING_HYBRID_BENEFIT finding with POTENTIAL_SAVING classification and a computed savings delta","duration":45.59740000000011,"failureMessages":[],"meta":{}},{"ancestorTitles":["runScan"],"fullName":"runScan persists a null estimatedMonthlySavings for VM_OUTDATED_SKU_GENERATION, since the saving can't be estimated yet","status":"passed","title":"persists a null estimatedMonthlySavings for VM_OUTDATED_SKU_GENERATION, since the saving can't be estimated yet","duration":43.827600000000075,"failureMessages":[],"meta":{}},{"ancestorTitles":["runScan"],"fullName":"runScan persists a VM_STOPPED_RETAINING_RESOURCES finding for the disk of a deallocated VM","status":"passed","title":"persists a VM_STOPPED_RETAINING_RESOURCES finding for the disk of a deallocated VM","duration":55.59830000000011,"failureMessages":[],"meta":{}},{"ancestorTitles":["runScan"],"fullName":"runScan persists the CPU severity metadata on an IDLE_VM finding","status":"passed","title":"persists the CPU severity metadata on an IDLE_VM finding","duration":51.827000000000226,"failureMessages":[],"meta":{}},{"ancestorTitles":["runScan"],"fullName":"runScan persists suggestedActionSummary for an IDLE_VM finding when suggestVmSku returns a suggestion","status":"passed","title":"persists suggestedActionSummary for an IDLE_VM finding when suggestVmSku returns a suggestion","duration":77.07640000000038,"failureMessages":[],"meta":{}},{"ancestorTitles":["runScan"],"fullName":"runScan keeps a single-sentence fallback suggestion when suggestVmSku returns null","status":"passed","title":"keeps a single-sentence fallback suggestion when suggestVmSku returns null","duration":52.19730000000027,"failureMessages":[],"meta":{}},{"ancestorTitles":["runScan"],"fullName":"runScan persists tooltipExplanation for any rule when explainFinding returns text","status":"passed","title":"persists tooltipExplanation for any rule when explainFinding returns text","duration":54.147399999999834,"failureMessages":[],"meta":{}},{"ancestorTitles":["runScan"],"fullName":"runScan persists suggestedActionSummary for a VMSS_IDLE_LOW_UTILIZATION finding using the nested virtualMachineProfile shape","status":"passed","title":"persists suggestedActionSummary for a VMSS_IDLE_LOW_UTILIZATION finding using the nested virtualMachineProfile shape","duration":67.27189999999973,"failureMessages":[],"meta":{}},{"ancestorTitles":["runScan"],"fullName":"runScan persists suggestedActionSummary for a DISK_TIER_OVERSIZED finding when suggestDiskTier returns a suggestion","status":"passed","title":"persists suggestedActionSummary for a DISK_TIER_OVERSIZED finding when suggestDiskTier returns a suggestion","duration":59.490999999999985,"failureMessages":[],"meta":{}},{"ancestorTitles":["runScan"],"fullName":"runScan persists suggestedActionSummary for a DISK_PREMIUM_TIER_UNNECESSARY finding via the existing savings-estimation path","status":"passed","title":"persists suggestedActionSummary for a DISK_PREMIUM_TIER_UNNECESSARY finding via the existing savings-estimation path","duration":54.904299999999694,"failureMessages":[],"meta":{}},{"ancestorTitles":["runScan"],"fullName":"runScan keeps a combined fallback sentence for a DISK_PREMIUM_V2_OVERSIZED finding even without a resize suggestion","status":"passed","title":"keeps a combined fallback sentence for a DISK_PREMIUM_V2_OVERSIZED finding even without a resize suggestion","duration":54.861099999999624,"failureMessages":[],"meta":{}},{"ancestorTitles":["runScan"],"fullName":"runScan persists a VMSS_NO_AUTOSCALE finding for a VMSS with no autoscale settings","status":"passed","title":"persists a VMSS_NO_AUTOSCALE finding for a VMSS with no autoscale settings","duration":51.38460000000032,"failureMessages":[],"meta":{}},{"ancestorTitles":["runScan"],"fullName":"runScan persists a VMSS_IDLE_LOW_UTILIZATION finding using the aggregated VMSS-level CPU metric","status":"passed","title":"persists a VMSS_IDLE_LOW_UTILIZATION finding using the aggregated VMSS-level CPU metric","duration":83.75199999999995,"failureMessages":[],"meta":{}},{"ancestorTitles":["runScan"],"fullName":"runScan persists a VMSS_NONPROD_NO_SCHEDULE finding with savings from the observed idle-hours fraction","status":"passed","title":"persists a VMSS_NONPROD_NO_SCHEDULE finding with savings from the observed idle-hours fraction","duration":76.36280000000033,"failureMessages":[],"meta":{}},{"ancestorTitles":["runScan"],"fullName":"runScan persists a VMSS_MISSING_SAVINGS_PLAN_OR_RESERVATION finding using the reservation recommendation savings","status":"passed","title":"persists a VMSS_MISSING_SAVINGS_PLAN_OR_RESERVATION finding using the reservation recommendation savings","duration":58.81730000000016,"failureMessages":[],"meta":{}},{"ancestorTitles":["runScan"],"fullName":"runScan excludes VMSS instance child rows from the persisted Resource table, while still using them in-memory for VMSS_OUTDATED_MODEL_INSTANCES","status":"passed","title":"excludes VMSS instance child rows from the persisted Resource table, while still using them in-memory for VMSS_OUTDATED_MODEL_INSTANCES","duration":62.42459999999983,"failureMessages":[],"meta":{}},{"ancestorTitles":["runScan"],"fullName":"runScan does not fail the whole scan when the VMSS idle-utilization rule throws","status":"passed","title":"does not fail the whole scan when the VMSS idle-utilization rule throws","duration":61.409599999999955,"failureMessages":[],"meta":{}},{"ancestorTitles":["runScan"],"fullName":"runScan persists an AVD_SESSION_HOST_LOW_UTILIZATION finding end to end","status":"passed","title":"persists an AVD_SESSION_HOST_LOW_UTILIZATION finding end to end","duration":66.72539999999981,"failureMessages":[],"meta":{}},{"ancestorTitles":["runScan"],"fullName":"runScan persists an AVD_SCALING_PLAN_MISSING finding for a Pooled host pool with no scaling plan","status":"passed","title":"persists an AVD_SCALING_PLAN_MISSING finding for a Pooled host pool with no scaling plan","duration":56.072799999999916,"failureMessages":[],"meta":{}},{"ancestorTitles":["runScan"],"fullName":"runScan prices an AVD session host finding against its underlying VM, not the (unbilled) session-host id","status":"passed","title":"prices an AVD session host finding against its underlying VM, not the (unbilled) session-host id","duration":57.653299999999945,"failureMessages":[],"meta":{}},{"ancestorTitles":["runScan"],"fullName":"runScan sets billedResourceId to the finding's own resourceId for a non-AVD candidate","status":"passed","title":"sets billedResourceId to the finding's own resourceId for a non-AVD candidate","duration":49.92729999999983,"failureMessages":[],"meta":{}},{"ancestorTitles":["runScan"],"fullName":"runScan persists a SNAPSHOT_ORPHANED_SOURCE finding end to end","status":"passed","title":"persists a SNAPSHOT_ORPHANED_SOURCE finding end to end","duration":56.52300000000014,"failureMessages":[],"meta":{}},{"ancestorTitles":["runScan"],"fullName":"runScan persists a DISK_IDLE_LOW_UTILIZATION finding (async, IOPS-metric-backed) end to end","status":"passed","title":"persists a DISK_IDLE_LOW_UTILIZATION finding (async, IOPS-metric-backed) end to end","duration":52.84659999999985,"failureMessages":[],"meta":{}}],"startTime":1789495589074,"endTime":1789495591465.8467,"status":"passed","message":"","name":"C:/Cloud Waste Hunter/tests/lib/scanner/runScan.test.ts"},{"assertionResults":[{"ancestorTitles":["findSafeVmSkuCandidates"],"fullName":"findSafeVmSkuCandidates excludes restricted candidates","status":"passed","title":"excludes restricted candidates","duration":1.1502000000000407,"failureMessages":[],"meta":{}},{"ancestorTitles":["findSafeVmSkuCandidates"],"fullName":"findSafeVmSkuCandidates excludes candidates with less memory than the current VM","status":"passed","title":"excludes candidates with less memory than the current VM","duration":0.5756999999999834,"failureMessages":[],"meta":{}},{"ancestorTitles":["findSafeVmSkuCandidates"],"fullName":"findSafeVmSkuCandidates excludes candidates whose vCPU can't cover the peak (not the average)","status":"passed","title":"excludes candidates whose vCPU can't cover the peak (not the average)","duration":0.16460000000006403,"failureMessages":[],"meta":{}},{"ancestorTitles":["findSafeVmSkuCandidates"],"fullName":"findSafeVmSkuCandidates only includes candidates that are an actual downsize (fewer vCPUs than current)","status":"passed","title":"only includes candidates that are an actual downsize (fewer vCPUs than current)","duration":0.14800000000002456,"failureMessages":[],"meta":{}},{"ancestorTitles":["findSafeVmSkuCandidates"],"fullName":"findSafeVmSkuCandidates sorts safe candidates by vCPU ascending","status":"passed","title":"sorts safe candidates by vCPU ascending","duration":0.24879999999996016,"failureMessages":[],"meta":{}},{"ancestorTitles":["suggestVmSku"],"fullName":"suggestVmSku falls back to average CPU when peak CPU is unavailable","status":"failed","title":"falls back to average CPU when peak CPU is unavailable","duration":9.545999999999935,"failureMessages":["AssertionError: expected null to deeply equal { skuName: 'Standard_B2ms', …(1) }\n    at C:\\Cloud Waste Hunter\\tests\\lib\\waste-rules\\vmSkuSuggestion.test.ts:69:20\n    at processTicksAndRejections (node:internal/process/task_queues:104:5)\n    at file:///C:/Cloud%20Waste%20Hunter/node_modules/@vitest/runner/dist/index.js:533:5\n    at runTest (file:///C:/Cloud%20Waste%20Hunter/node_modules/@vitest/runner/dist/index.js:1056:11)\n    at runSuite (file:///C:/Cloud%20Waste%20Hunter/node_modules/@vitest/runner/dist/index.js:1205:15)\n    at runSuite (file:///C:/Cloud%20Waste%20Hunter/node_modules/@vitest/runner/dist/index.js:1205:15)\n    at runFiles (file:///C:/Cloud%20Waste%20Hunter/node_modules/@vitest/runner/dist/index.js:1262:5)\n    at startTests (file:///C:/Cloud%20Waste%20Hunter/node_modules/@vitest/runner/dist/index.js:1271:3)\n    at file:///C:/Cloud%20Waste%20Hunter/node_modules/vitest/dist/chunks/runBaseTests.3qpJUEJM.js:126:11\n    at withEnv (file:///C:/Cloud%20Waste%20Hunter/node_modules/vitest/dist/chunks/runBaseTests.3qpJUEJM.js:90:5)"],"meta":{}},{"ancestorTitles":["suggestVmSku"],"fullName":"suggestVmSku returns null when the current VM's size isn't found in the region's SKU list","status":"passed","title":"returns null when the current VM's size isn't found in the region's SKU list","duration":0.4072999999999638,"failureMessages":[],"meta":{}},{"ancestorTitles":["suggestVmSku"],"fullName":"suggestVmSku returns null when no safe candidate exists","status":"passed","title":"returns null when no safe candidate exists","duration":0.3158000000000811,"failureMessages":[],"meta":{}},{"ancestorTitles":["suggestVmSku"],"fullName":"suggestVmSku returns null when the current SKU itself can't be priced","status":"passed","title":"returns null when the current SKU itself can't be priced","duration":0.27699999999992997,"failureMessages":[],"meta":{}},{"ancestorTitles":["suggestVmSku"],"fullName":"suggestVmSku returns the cheapest confirmed candidate with positive savings","status":"passed","title":"returns the cheapest confirmed candidate with positive savings","duration":0.2741999999999507,"failureMessages":[],"meta":{}},{"ancestorTitles":["suggestVmSku"],"fullName":"suggestVmSku returns null when all priced candidates cost as much or more than the current VM","status":"passed","title":"returns null when all priced candidates cost as much or more than the current VM","duration":0.19000000000005457,"failureMessages":[],"meta":{}}],"startTime":1789495592342,"endTime":1789495592356.2742,"status":"failed","message":"","name":"C:/Cloud Waste Hunter/tests/lib/waste-rules/vmSkuSuggestion.test.ts"}]}